The system is: Linux - 4.4.0-040400-generic - x86_64
Compiling the C compiler identification source file "CMakeCCompilerId.c" succeeded.
Compiler: /usr/local/opt/gcc-5.3.0-32/bin/gcc 
Build flags: 
Id flags:  

The output was:
0


Compilation of the C compiler identification source "CMakeCCompilerId.c" produced "a.out"

The C compiler identification is GNU, found in "/home/i12bapec/practicas/algoritmica/practica6/CMakeFiles/3.8.2/CompilerIdC/a.out"

Compiling the CXX compiler identification source file "CMakeCXXCompilerId.cpp" succeeded.
Compiler: /usr/local/opt/gcc-5.3.0-32/bin/c++ 
Build flags: 
Id flags:  

The output was:
0


Compilation of the CXX compiler identification source "CMakeCXXCompilerId.cpp" produced "a.out"

The CXX compiler identification is GNU, found in "/home/i12bapec/practicas/algoritmica/practica6/CMakeFiles/3.8.2/CompilerIdCXX/a.out"

Determining if the C compiler works passed with the following output:
Change Dir: /home/i12bapec/practicas/algoritmica/practica6/CMakeFiles/CMakeTmp

Run Build Command:"/usr/local/bin/gmake" "cmTC_3c079/fast"
/usr/local/bin/gmake -f CMakeFiles/cmTC_3c079.dir/build.make CMakeFiles/cmTC_3c079.dir/build
gmake[1]: se entra en el directorio '/home/i12bapec/practicas/algoritmica/practica6/CMakeFiles/CMakeTmp'
Building C object CMakeFiles/cmTC_3c079.dir/testCCompiler.c.o
/usr/local/opt/gcc-5.3.0-32/bin/gcc    -o CMakeFiles/cmTC_3c079.dir/testCCompiler.c.o   -c /home/i12bapec/practicas/algoritmica/practica6/CMakeFiles/CMakeTmp/testCCompiler.c
Linking C executable cmTC_3c079
/usr/local/bin/cmake -E cmake_link_script CMakeFiles/cmTC_3c079.dir/link.txt --verbose=1
/usr/local/opt/gcc-5.3.0-32/bin/gcc      -rdynamic CMakeFiles/cmTC_3c079.dir/testCCompiler.c.o  -o cmTC_3c079 
gmake[1]: se sale del directorio '/home/i12bapec/practicas/algoritmica/practica6/CMakeFiles/CMakeTmp'


Detecting C compiler ABI info compiled with the following output:
Change Dir: /home/i12bapec/practicas/algoritmica/practica6/CMakeFiles/CMakeTmp

Run Build Command:"/usr/local/bin/gmake" "cmTC_b9e5b/fast"
/usr/local/bin/gmake -f CMakeFiles/cmTC_b9e5b.dir/build.make CMakeFiles/cmTC_b9e5b.dir/build
gmake[1]: se entra en el directorio '/home/i12bapec/practicas/algoritmica/practica6/CMakeFiles/CMakeTmp'
Building C object CMakeFiles/cmTC_b9e5b.dir/CMakeCCompilerABI.c.o
/usr/local/opt/gcc-5.3.0-32/bin/gcc    -o CMakeFiles/cmTC_b9e5b.dir/CMakeCCompilerABI.c.o   -c /usr/local/share/cmake-3.8/Modules/CMakeCCompilerABI.c
Linking C executable cmTC_b9e5b
/usr/local/bin/cmake -E cmake_link_script CMakeFiles/cmTC_b9e5b.dir/link.txt --verbose=1
/usr/local/opt/gcc-5.3.0-32/bin/gcc     -v -rdynamic CMakeFiles/cmTC_b9e5b.dir/CMakeCCompilerABI.c.o  -o cmTC_b9e5b 
Usando especificaciones internas.
COLLECT_GCC=/usr/local/opt/gcc-5.3.0-32/bin/gcc
COLLECT_LTO_WRAPPER=/usr/local/opt/gcc-5.3.0-32/libexec/gcc/i686-pc-linux-gnu/5.3.0/lto-wrapper
Objetivo: i686-pc-linux-gnu
Configurado con: ../gcc-5.3.0/configure --prefix=/usr/local/opt/gcc-5.3.0-32 --x-includes=/usr/local/X11R7/include --x-libraries=/usr/local/X11R7/lib --enable-tls --enable-languages=c,c++ --disable-multilib --disable-bootstrap --host=i686-pc-linux-gnu --build=i686-pc-linux-gnu : (reconfigured) ../gcc-5.3.0/configure --prefix=/usr/local/opt/gcc-5.3.0-32 --x-includes=/usr/local/X11R7/include --x-libraries=/usr/local/X11R7/lib --enable-tls --enable-languages=c,c++,fortran,java --disable-multilib --disable-bootstrap --host=i686-pc-linux-gnu --build=i686-pc-linux-gnu
Modelo de hilos: posix
gcc versi贸n 5.3.0 (GCC) 
COMPILER_PATH=/usr/local/opt/gcc-5.3.0-32/libexec/gcc/i686-pc-linux-gnu/5.3.0/:/usr/local/opt/gcc-5.3.0-32/libexec/gcc/i686-pc-linux-gnu/5.3.0/:/usr/local/opt/gcc-5.3.0-32/libexec/gcc/i686-pc-linux-gnu/:/usr/local/opt/gcc-5.3.0-32/lib/gcc/i686-pc-linux-gnu/5.3.0/:/usr/local/opt/gcc-5.3.0-32/lib/gcc/i686-pc-linux-gnu/
LIBRARY_PATH=/usr/local/opt/gcc-5.3.0-32/lib/gcc/i686-pc-linux-gnu/5.3.0/:/usr/local/opt/gcc-5.3.0-32/lib/gcc/i686-pc-linux-gnu/5.3.0/../../../:/lib/:/usr/lib/
COLLECT_GCC_OPTIONS='-v' '-rdynamic' '-o' 'cmTC_b9e5b' '-mtune=generic' '-march=pentiumpro'
 /usr/local/opt/gcc-5.3.0-32/libexec/gcc/i686-pc-linux-gnu/5.3.0/collect2 -plugin /usr/local/opt/gcc-5.3.0-32/libexec/gcc/i686-pc-linux-gnu/5.3.0/liblto_plugin.so -plugin-opt=/usr/local/opt/gcc-5.3.0-32/libexec/gcc/i686-pc-linux-gnu/5.3.0/lto-wrapper -plugin-opt=-fresolution=/tmp/ccOZudHA.res -plugin-opt=-pass-through=-lgcc -plugin-opt=-pass-through=-lgcc_s -plugin-opt=-pass-through=-lc -plugin-opt=-pass-through=-lgcc -plugin-opt=-pass-through=-lgcc_s --eh-frame-hdr -m elf_i386 -export-dynamic -dynamic-linker /lib/ld-linux.so.2 -o cmTC_b9e5b /lib/crt1.o /lib/crti.o /usr/local/opt/gcc-5.3.0-32/lib/gcc/i686-pc-linux-gnu/5.3.0/crtbegin.o -L/usr/local/opt/gcc-5.3.0-32/lib/gcc/i686-pc-linux-gnu/5.3.0 -L/usr/local/opt/gcc-5.3.0-32/lib/gcc/i686-pc-linux-gnu/5.3.0/../../.. CMakeFiles/cmTC_b9e5b.dir/CMakeCCompilerABI.c.o -lgcc --as-needed -lgcc_s --no-as-needed -lc -lgcc --as-needed -lgcc_s --no-as-needed /usr/local/opt/gcc-5.3.0-32/lib/gcc/i686-pc-linux-gnu/5.3.0/crtend.o /lib/crtn.o
gmake[1]: se sale del directorio '/home/i12bapec/practicas/algoritmica/practica6/CMakeFiles/CMakeTmp'


Parsed C implicit link information from above output:
  link line regex: [^( *|.*[/\])(ld|([^/\]+-)?ld|collect2)[^/\]*( |$)]
  ignore line: [Change Dir: /home/i12bapec/practicas/algoritmica/practica6/CMakeFiles/CMakeTmp]
  ignore line: []
  ignore line: [Run Build Command:"/usr/local/bin/gmake" "cmTC_b9e5b/fast"]
  ignore line: [/usr/local/bin/gmake -f CMakeFiles/cmTC_b9e5b.dir/build.make CMakeFiles/cmTC_b9e5b.dir/build]
  ignore line: [gmake[1]: se entra en el directorio '/home/i12bapec/practicas/algoritmica/practica6/CMakeFiles/CMakeTmp']
  ignore line: [Building C object CMakeFiles/cmTC_b9e5b.dir/CMakeCCompilerABI.c.o]
  ignore line: [/usr/local/opt/gcc-5.3.0-32/bin/gcc    -o CMakeFiles/cmTC_b9e5b.dir/CMakeCCompilerABI.c.o   -c /usr/local/share/cmake-3.8/Modules/CMakeCCompilerABI.c]
  ignore line: [Linking C executable cmTC_b9e5b]
  ignore line: [/usr/local/bin/cmake -E cmake_link_script CMakeFiles/cmTC_b9e5b.dir/link.txt --verbose=1]
  ignore line: [/usr/local/opt/gcc-5.3.0-32/bin/gcc     -v -rdynamic CMakeFiles/cmTC_b9e5b.dir/CMakeCCompilerABI.c.o  -o cmTC_b9e5b ]
  ignore line: [Usando especificaciones internas.]
  ignore line: [COLLECT_GCC=/usr/local/opt/gcc-5.3.0-32/bin/gcc]
  ignore line: [COLLECT_LTO_WRAPPER=/usr/local/opt/gcc-5.3.0-32/libexec/gcc/i686-pc-linux-gnu/5.3.0/lto-wrapper]
  ignore line: [Objetivo: i686-pc-linux-gnu]
  ignore line: [Configurado con: ../gcc-5.3.0/configure --prefix=/usr/local/opt/gcc-5.3.0-32 --x-includes=/usr/local/X11R7/include --x-libraries=/usr/local/X11R7/lib --enable-tls --enable-languages=c,c++ --disable-multilib --disable-bootstrap --host=i686-pc-linux-gnu --build=i686-pc-linux-gnu : (reconfigured) ../gcc-5.3.0/configure --prefix=/usr/local/opt/gcc-5.3.0-32 --x-includes=/usr/local/X11R7/include --x-libraries=/usr/local/X11R7/lib --enable-tls --enable-languages=c,c++,fortran,java --disable-multilib --disable-bootstrap --host=i686-pc-linux-gnu --build=i686-pc-linux-gnu]
  ignore line: [Modelo de hilos: posix]
  ignore line: [gcc versi贸n 5.3.0 (GCC) ]
  ignore line: [COMPILER_PATH=/usr/local/opt/gcc-5.3.0-32/libexec/gcc/i686-pc-linux-gnu/5.3.0/:/usr/local/opt/gcc-5.3.0-32/libexec/gcc/i686-pc-linux-gnu/5.3.0/:/usr/local/opt/gcc-5.3.0-32/libexec/gcc/i686-pc-linux-gnu/:/usr/local/opt/gcc-5.3.0-32/lib/gcc/i686-pc-linux-gnu/5.3.0/:/usr/local/opt/gcc-5.3.0-32/lib/gcc/i686-pc-linux-gnu/]
  ignore line: [LIBRARY_PATH=/usr/local/opt/gcc-5.3.0-32/lib/gcc/i686-pc-linux-gnu/5.3.0/:/usr/local/opt/gcc-5.3.0-32/lib/gcc/i686-pc-linux-gnu/5.3.0/../../../:/lib/:/usr/lib/]
  ignore line: [COLLECT_GCC_OPTIONS='-v' '-rdynamic' '-o' 'cmTC_b9e5b' '-mtune=generic' '-march=pentiumpro']
  link line: [ /usr/local/opt/gcc-5.3.0-32/libexec/gcc/i686-pc-linux-gnu/5.3.0/collect2 -plugin /usr/local/opt/gcc-5.3.0-32/libexec/gcc/i686-pc-linux-gnu/5.3.0/liblto_plugin.so -plugin-opt=/usr/local/opt/gcc-5.3.0-32/libexec/gcc/i686-pc-linux-gnu/5.3.0/lto-wrapper -plugin-opt=-fresolution=/tmp/ccOZudHA.res -plugin-opt=-pass-through=-lgcc -plugin-opt=-pass-through=-lgcc_s -plugin-opt=-pass-through=-lc -plugin-opt=-pass-through=-lgcc -plugin-opt=-pass-through=-lgcc_s --eh-frame-hdr -m elf_i386 -export-dynamic -dynamic-linker /lib/ld-linux.so.2 -o cmTC_b9e5b /lib/crt1.o /lib/crti.o /usr/local/opt/gcc-5.3.0-32/lib/gcc/i686-pc-linux-gnu/5.3.0/crtbegin.o -L/usr/local/opt/gcc-5.3.0-32/lib/gcc/i686-pc-linux-gnu/5.3.0 -L/usr/local/opt/gcc-5.3.0-32/lib/gcc/i686-pc-linux-gnu/5.3.0/../../.. CMakeFiles/cmTC_b9e5b.dir/CMakeCCompilerABI.c.o -lgcc --as-needed -lgcc_s --no-as-needed -lc -lgcc --as-needed -lgcc_s --no-as-needed /usr/local/opt/gcc-5.3.0-32/lib/gcc/i686-pc-linux-gnu/5.3.0/crtend.o /lib/crtn.o]
    arg [/usr/local/opt/gcc-5.3.0-32/libexec/gcc/i686-pc-linux-gnu/5.3.0/collect2] ==> ignore
    arg [-plugin] ==> ignore
    arg [/usr/local/opt/gcc-5.3.0-32/libexec/gcc/i686-pc-linux-gnu/5.3.0/liblto_plugin.so] ==> ignore
    arg [-plugin-opt=/usr/local/opt/gcc-5.3.0-32/libexec/gcc/i686-pc-linux-gnu/5.3.0/lto-wrapper] ==> ignore
    arg [-plugin-opt=-fresolution=/tmp/ccOZudHA.res] ==> ignore
    arg [-plugin-opt=-pass-through=-lgcc] ==> ignore
    arg [-plugin-opt=-pass-through=-lgcc_s] ==> ignore
    arg [-plugin-opt=-pass-through=-lc] ==> ignore
    arg [-plugin-opt=-pass-through=-lgcc] ==> ignore
    arg [-plugin-opt=-pass-through=-lgcc_s] ==> ignore
    arg [--eh-frame-hdr] ==> ignore
    arg [-m] ==> ignore
    arg [elf_i386] ==> ignore
    arg [-export-dynamic] ==> ignore
    arg [-dynamic-linker] ==> ignore
    arg [/lib/ld-linux.so.2] ==> ignore
    arg [-o] ==> ignore
    arg [cmTC_b9e5b] ==> ignore
    arg [/lib/crt1.o] ==> ignore
    arg [/lib/crti.o] ==> ignore
    arg [/usr/local/opt/gcc-5.3.0-32/lib/gcc/i686-pc-linux-gnu/5.3.0/crtbegin.o] ==> ignore
    arg [-L/usr/local/opt/gcc-5.3.0-32/lib/gcc/i686-pc-linux-gnu/5.3.0] ==> dir [/usr/local/opt/gcc-5.3.0-32/lib/gcc/i686-pc-linux-gnu/5.3.0]
    arg [-L/usr/local/opt/gcc-5.3.0-32/lib/gcc/i686-pc-linux-gnu/5.3.0/../../..] ==> dir [/usr/local/opt/gcc-5.3.0-32/lib/gcc/i686-pc-linux-gnu/5.3.0/../../..]
    arg [CMakeFiles/cmTC_b9e5b.dir/CMakeCCompilerABI.c.o] ==> ignore
    arg [-lgcc] ==> lib [gcc]
    arg [--as-needed] ==> ignore
    arg [-lgcc_s] ==> lib [gcc_s]
    arg [--no-as-needed] ==> ignore
    arg [-lc] ==> lib [c]
    arg [-lgcc] ==> lib [gcc]
    arg [--as-needed] ==> ignore
    arg [-lgcc_s] ==> lib [gcc_s]
    arg [--no-as-needed] ==> ignore
    arg [/usr/local/opt/gcc-5.3.0-32/lib/gcc/i686-pc-linux-gnu/5.3.0/crtend.o] ==> ignore
    arg [/lib/crtn.o] ==> ignore
  remove lib [gcc]
  remove lib [gcc_s]
  remove lib [gcc]
  remove lib [gcc_s]
  collapse library dir [/usr/local/opt/gcc-5.3.0-32/lib/gcc/i686-pc-linux-gnu/5.3.0] ==> [/usr/local/opt/gcc-5.3.0-32/lib/gcc/i686-pc-linux-gnu/5.3.0]
  collapse library dir [/usr/local/opt/gcc-5.3.0-32/lib/gcc/i686-pc-linux-gnu/5.3.0/../../..] ==> [/usr/local/opt/gcc-5.3.0-32/lib]
  implicit libs: [c]
  implicit dirs: [/usr/local/opt/gcc-5.3.0-32/lib/gcc/i686-pc-linux-gnu/5.3.0;/usr/local/opt/gcc-5.3.0-32/lib]
  implicit fwks: []




Detecting C [-std=c11] compiler features compiled with the following output:
Change Dir: /home/i12bapec/practicas/algoritmica/practica6/CMakeFiles/CMakeTmp

Run Build Command:"/usr/local/bin/gmake" "cmTC_eb43f/fast"
/usr/local/bin/gmake -f CMakeFiles/cmTC_eb43f.dir/build.make CMakeFiles/cmTC_eb43f.dir/build
gmake[1]: se entra en el directorio '/home/i12bapec/practicas/algoritmica/practica6/CMakeFiles/CMakeTmp'
Building C object CMakeFiles/cmTC_eb43f.dir/feature_tests.c.o
/usr/local/opt/gcc-5.3.0-32/bin/gcc   -std=c11 -o CMakeFiles/cmTC_eb43f.dir/feature_tests.c.o   -c /home/i12bapec/practicas/algoritmica/practica6/CMakeFiles/feature_tests.c
Linking C executable cmTC_eb43f
/usr/local/bin/cmake -E cmake_link_script CMakeFiles/cmTC_eb43f.dir/link.txt --verbose=1
/usr/local/opt/gcc-5.3.0-32/bin/gcc      -rdynamic CMakeFiles/cmTC_eb43f.dir/feature_tests.c.o  -o cmTC_eb43f 
gmake[1]: se sale del directorio '/home/i12bapec/practicas/algoritmica/practica6/CMakeFiles/CMakeTmp'


    Feature record: C_FEATURE:1c_function_prototypes
    Feature record: C_FEATURE:1c_restrict
    Feature record: C_FEATURE:1c_static_assert
    Feature record: C_FEATURE:1c_variadic_macros


Detecting C [-std=c99] compiler features compiled with the following output:
Change Dir: /home/i12bapec/practicas/algoritmica/practica6/CMakeFiles/CMakeTmp

Run Build Command:"/usr/local/bin/gmake" "cmTC_d7578/fast"
/usr/local/bin/gmake -f CMakeFiles/cmTC_d7578.dir/build.make CMakeFiles/cmTC_d7578.dir/build
gmake[1]: se entra en el directorio '/home/i12bapec/practicas/algoritmica/practica6/CMakeFiles/CMakeTmp'
Building C object CMakeFiles/cmTC_d7578.dir/feature_tests.c.o
/usr/local/opt/gcc-5.3.0-32/bin/gcc   -std=c99 -o CMakeFiles/cmTC_d7578.dir/feature_tests.c.o   -c /home/i12bapec/practicas/algoritmica/practica6/CMakeFiles/feature_tests.c
Linking C executable cmTC_d7578
/usr/local/bin/cmake -E cmake_link_script CMakeFiles/cmTC_d7578.dir/link.txt --verbose=1
/usr/local/opt/gcc-5.3.0-32/bin/gcc      -rdynamic CMakeFiles/cmTC_d7578.dir/feature_tests.c.o  -o cmTC_d7578 
gmake[1]: se sale del directorio '/home/i12bapec/practicas/algoritmica/practica6/CMakeFiles/CMakeTmp'


    Feature record: C_FEATURE:1c_function_prototypes
    Feature record: C_FEATURE:1c_restrict
    Feature record: C_FEATURE:0c_static_assert
    Feature record: C_FEATURE:1c_variadic_macros


Detecting C [-std=c90] compiler features compiled with the following output:
Change Dir: /home/i12bapec/practicas/algoritmica/practica6/CMakeFiles/CMakeTmp

Run Build Command:"/usr/local/bin/gmake" "cmTC_646f5/fast"
/usr/local/bin/gmake -f CMakeFiles/cmTC_646f5.dir/build.make CMakeFiles/cmTC_646f5.dir/build
gmake[1]: se entra en el directorio '/home/i12bapec/practicas/algoritmica/practica6/CMakeFiles/CMakeTmp'
Building C object CMakeFiles/cmTC_646f5.dir/feature_tests.c.o
/usr/local/opt/gcc-5.3.0-32/bin/gcc   -std=c90 -o CMakeFiles/cmTC_646f5.dir/feature_tests.c.o   -c /home/i12bapec/practicas/algoritmica/practica6/CMakeFiles/feature_tests.c
Linking C executable cmTC_646f5
/usr/local/bin/cmake -E cmake_link_script CMakeFiles/cmTC_646f5.dir/link.txt --verbose=1
/usr/local/opt/gcc-5.3.0-32/bin/gcc      -rdynamic CMakeFiles/cmTC_646f5.dir/feature_tests.c.o  -o cmTC_646f5 
gmake[1]: se sale del directorio '/home/i12bapec/practicas/algoritmica/practica6/CMakeFiles/CMakeTmp'


    Feature record: C_FEATURE:1c_function_prototypes
    Feature record: C_FEATURE:0c_restrict
    Feature record: C_FEATURE:0c_static_assert
    Feature record: C_FEATURE:0c_variadic_macros
Determining if the CXX compiler works passed with the following output:
Change Dir: /home/i12bapec/practicas/algoritmica/practica6/CMakeFiles/CMakeTmp

Run Build Command:"/usr/local/bin/gmake" "cmTC_7fd95/fast"
/usr/local/bin/gmake -f CMakeFiles/cmTC_7fd95.dir/build.make CMakeFiles/cmTC_7fd95.dir/build
gmake[1]: se entra en el directorio '/home/i12bapec/practicas/algoritmica/practica6/CMakeFiles/CMakeTmp'
Building CXX object CMakeFiles/cmTC_7fd95.dir/testCXXCompiler.cxx.o
/usr/local/opt/gcc-5.3.0-32/bin/c++     -o CMakeFiles/cmTC_7fd95.dir/testCXXCompiler.cxx.o -c /home/i12bapec/practicas/algoritmica/practica6/CMakeFiles/CMakeTmp/testCXXCompiler.cxx
Linking CXX executable cmTC_7fd95
/usr/local/bin/cmake -E cmake_link_script CMakeFiles/cmTC_7fd95.dir/link.txt --verbose=1
/usr/local/opt/gcc-5.3.0-32/bin/c++       -rdynamic CMakeFiles/cmTC_7fd95.dir/testCXXCompiler.cxx.o  -o cmTC_7fd95 
gmake[1]: se sale del directorio '/home/i12bapec/practicas/algoritmica/practica6/CMakeFiles/CMakeTmp'


Detecting CXX compiler ABI info compiled with the following output:
Change Dir: /home/i12bapec/practicas/algoritmica/practica6/CMakeFiles/CMakeTmp

Run Build Command:"/usr/local/bin/gmake" "cmTC_0e835/fast"
/usr/local/bin/gmake -f CMakeFiles/cmTC_0e835.dir/build.make CMakeFiles/cmTC_0e835.dir/build
gmake[1]: se entra en el directorio '/home/i12bapec/practicas/algoritmica/practica6/CMakeFiles/CMakeTmp'
Building CXX object CMakeFiles/cmTC_0e835.dir/CMakeCXXCompilerABI.cpp.o
/usr/local/opt/gcc-5.3.0-32/bin/c++     -o CMakeFiles/cmTC_0e835.dir/CMakeCXXCompilerABI.cpp.o -c /usr/local/share/cmake-3.8/Modules/CMakeCXXCompilerABI.cpp
Linking CXX executable cmTC_0e835
/usr/local/bin/cmake -E cmake_link_script CMakeFiles/cmTC_0e835.dir/link.txt --verbose=1
/usr/local/opt/gcc-5.3.0-32/bin/c++      -v -rdynamic CMakeFiles/cmTC_0e835.dir/CMakeCXXCompilerABI.cpp.o  -o cmTC_0e835 
Usando especificaciones internas.
COLLECT_GCC=/usr/local/opt/gcc-5.3.0-32/bin/c++
COLLECT_LTO_WRAPPER=/usr/local/opt/gcc-5.3.0-32/libexec/gcc/i686-pc-linux-gnu/5.3.0/lto-wrapper
Objetivo: i686-pc-linux-gnu
Configurado con: ../gcc-5.3.0/configure --prefix=/usr/local/opt/gcc-5.3.0-32 --x-includes=/usr/local/X11R7/include --x-libraries=/usr/local/X11R7/lib --enable-tls --enable-languages=c,c++ --disable-multilib --disable-bootstrap --host=i686-pc-linux-gnu --build=i686-pc-linux-gnu : (reconfigured) ../gcc-5.3.0/configure --prefix=/usr/local/opt/gcc-5.3.0-32 --x-includes=/usr/local/X11R7/include --x-libraries=/usr/local/X11R7/lib --enable-tls --enable-languages=c,c++,fortran,java --disable-multilib --disable-bootstrap --host=i686-pc-linux-gnu --build=i686-pc-linux-gnu
Modelo de hilos: posix
gcc versi贸n 5.3.0 (GCC) 
COMPILER_PATH=/usr/local/opt/gcc-5.3.0-32/libexec/gcc/i686-pc-linux-gnu/5.3.0/:/usr/local/opt/gcc-5.3.0-32/libexec/gcc/i686-pc-linux-gnu/5.3.0/:/usr/local/opt/gcc-5.3.0-32/libexec/gcc/i686-pc-linux-gnu/:/usr/local/opt/gcc-5.3.0-32/lib/gcc/i686-pc-linux-gnu/5.3.0/:/usr/local/opt/gcc-5.3.0-32/lib/gcc/i686-pc-linux-gnu/
LIBRARY_PATH=/usr/local/opt/gcc-5.3.0-32/lib/gcc/i686-pc-linux-gnu/5.3.0/:/usr/local/opt/gcc-5.3.0-32/lib/gcc/i686-pc-linux-gnu/5.3.0/../../../:/lib/:/usr/lib/
COLLECT_GCC_OPTIONS='-v' '-rdynamic' '-o' 'cmTC_0e835' '-shared-libgcc' '-mtune=generic' '-march=pentiumpro'
 /usr/local/opt/gcc-5.3.0-32/libexec/gcc/i686-pc-linux-gnu/5.3.0/collect2 -plugin /usr/local/opt/gcc-5.3.0-32/libexec/gcc/i686-pc-linux-gnu/5.3.0/liblto_plugin.so -plugin-opt=/usr/local/opt/gcc-5.3.0-32/libexec/gcc/i686-pc-linux-gnu/5.3.0/lto-wrapper -plugin-opt=-fresolution=/tmp/ccL6nBZJ.res -plugin-opt=-pass-through=-lgcc_s -plugin-opt=-pass-through=-lgcc -plugin-opt=-pass-through=-lc -plugin-opt=-pass-through=-lgcc_s -plugin-opt=-pass-through=-lgcc --eh-frame-hdr -m elf_i386 -export-dynamic -dynamic-linker /lib/ld-linux.so.2 -o cmTC_0e835 /lib/crt1.o /lib/crti.o /usr/local/opt/gcc-5.3.0-32/lib/gcc/i686-pc-linux-gnu/5.3.0/crtbegin.o -L/usr/local/opt/gcc-5.3.0-32/lib/gcc/i686-pc-linux-gnu/5.3.0 -L/usr/local/opt/gcc-5.3.0-32/lib/gcc/i686-pc-linux-gnu/5.3.0/../../.. CMakeFiles/cmTC_0e835.dir/CMakeCXXCompilerABI.cpp.o -lstdc++ -lm -lgcc_s -lgcc -lc -lgcc_s -lgcc /usr/local/opt/gcc-5.3.0-32/lib/gcc/i686-pc-linux-gnu/5.3.0/crtend.o /lib/crtn.o
gmake[1]: se sale del directorio '/home/i12bapec/practicas/algoritmica/practica6/CMakeFiles/CMakeTmp'


Parsed CXX implicit link information from above output:
  link line regex: [^( *|.*[/\])(ld|([^/\]+-)?ld|collect2)[^/\]*( |$)]
  ignore line: [Change Dir: /home/i12bapec/practicas/algoritmica/practica6/CMakeFiles/CMakeTmp]
  ignore line: []
  ignore line: [Run Build Command:"/usr/local/bin/gmake" "cmTC_0e835/fast"]
  ignore line: [/usr/local/bin/gmake -f CMakeFiles/cmTC_0e835.dir/build.make CMakeFiles/cmTC_0e835.dir/build]
  ignore line: [gmake[1]: se entra en el directorio '/home/i12bapec/practicas/algoritmica/practica6/CMakeFiles/CMakeTmp']
  ignore line: [Building CXX object CMakeFiles/cmTC_0e835.dir/CMakeCXXCompilerABI.cpp.o]
  ignore line: [/usr/local/opt/gcc-5.3.0-32/bin/c++     -o CMakeFiles/cmTC_0e835.dir/CMakeCXXCompilerABI.cpp.o -c /usr/local/share/cmake-3.8/Modules/CMakeCXXCompilerABI.cpp]
  ignore line: [Linking CXX executable cmTC_0e835]
  ignore line: [/usr/local/bin/cmake -E cmake_link_script CMakeFiles/cmTC_0e835.dir/link.txt --verbose=1]
  ignore line: [/usr/local/opt/gcc-5.3.0-32/bin/c++      -v -rdynamic CMakeFiles/cmTC_0e835.dir/CMakeCXXCompilerABI.cpp.o  -o cmTC_0e835 ]
  ignore line: [Usando especificaciones internas.]
  ignore line: [COLLECT_GCC=/usr/local/opt/gcc-5.3.0-32/bin/c++]
  ignore line: [COLLECT_LTO_WRAPPER=/usr/local/opt/gcc-5.3.0-32/libexec/gcc/i686-pc-linux-gnu/5.3.0/lto-wrapper]
  ignore line: [Objetivo: i686-pc-linux-gnu]
  ignore line: [Configurado con: ../gcc-5.3.0/configure --prefix=/usr/local/opt/gcc-5.3.0-32 --x-includes=/usr/local/X11R7/include --x-libraries=/usr/local/X11R7/lib --enable-tls --enable-languages=c,c++ --disable-multilib --disable-bootstrap --host=i686-pc-linux-gnu --build=i686-pc-linux-gnu : (reconfigured) ../gcc-5.3.0/configure --prefix=/usr/local/opt/gcc-5.3.0-32 --x-includes=/usr/local/X11R7/include --x-libraries=/usr/local/X11R7/lib --enable-tls --enable-languages=c,c++,fortran,java --disable-multilib --disable-bootstrap --host=i686-pc-linux-gnu --build=i686-pc-linux-gnu]
  ignore line: [Modelo de hilos: posix]
  ignore line: [gcc versi贸n 5.3.0 (GCC) ]
  ignore line: [COMPILER_PATH=/usr/local/opt/gcc-5.3.0-32/libexec/gcc/i686-pc-linux-gnu/5.3.0/:/usr/local/opt/gcc-5.3.0-32/libexec/gcc/i686-pc-linux-gnu/5.3.0/:/usr/local/opt/gcc-5.3.0-32/libexec/gcc/i686-pc-linux-gnu/:/usr/local/opt/gcc-5.3.0-32/lib/gcc/i686-pc-linux-gnu/5.3.0/:/usr/local/opt/gcc-5.3.0-32/lib/gcc/i686-pc-linux-gnu/]
  ignore line: [LIBRARY_PATH=/usr/local/opt/gcc-5.3.0-32/lib/gcc/i686-pc-linux-gnu/5.3.0/:/usr/local/opt/gcc-5.3.0-32/lib/gcc/i686-pc-linux-gnu/5.3.0/../../../:/lib/:/usr/lib/]
  ignore line: [COLLECT_GCC_OPTIONS='-v' '-rdynamic' '-o' 'cmTC_0e835' '-shared-libgcc' '-mtune=generic' '-march=pentiumpro']
  link line: [ /usr/local/opt/gcc-5.3.0-32/libexec/gcc/i686-pc-linux-gnu/5.3.0/collect2 -plugin /usr/local/opt/gcc-5.3.0-32/libexec/gcc/i686-pc-linux-gnu/5.3.0/liblto_plugin.so -plugin-opt=/usr/local/opt/gcc-5.3.0-32/libexec/gcc/i686-pc-linux-gnu/5.3.0/lto-wrapper -plugin-opt=-fresolution=/tmp/ccL6nBZJ.res -plugin-opt=-pass-through=-lgcc_s -plugin-opt=-pass-through=-lgcc -plugin-opt=-pass-through=-lc -plugin-opt=-pass-through=-lgcc_s -plugin-opt=-pass-through=-lgcc --eh-frame-hdr -m elf_i386 -export-dynamic -dynamic-linker /lib/ld-linux.so.2 -o cmTC_0e835 /lib/crt1.o /lib/crti.o /usr/local/opt/gcc-5.3.0-32/lib/gcc/i686-pc-linux-gnu/5.3.0/crtbegin.o -L/usr/local/opt/gcc-5.3.0-32/lib/gcc/i686-pc-linux-gnu/5.3.0 -L/usr/local/opt/gcc-5.3.0-32/lib/gcc/i686-pc-linux-gnu/5.3.0/../../.. CMakeFiles/cmTC_0e835.dir/CMakeCXXCompilerABI.cpp.o -lstdc++ -lm -lgcc_s -lgcc -lc -lgcc_s -lgcc /usr/local/opt/gcc-5.3.0-32/lib/gcc/i686-pc-linux-gnu/5.3.0/crtend.o /lib/crtn.o]
    arg [/usr/local/opt/gcc-5.3.0-32/libexec/gcc/i686-pc-linux-gnu/5.3.0/collect2] ==> ignore
    arg [-plugin] ==> ignore
    arg [/usr/local/opt/gcc-5.3.0-32/libexec/gcc/i686-pc-linux-gnu/5.3.0/liblto_plugin.so] ==> ignore
    arg [-plugin-opt=/usr/local/opt/gcc-5.3.0-32/libexec/gcc/i686-pc-linux-gnu/5.3.0/lto-wrapper] ==> ignore
    arg [-plugin-opt=-fresolution=/tmp/ccL6nBZJ.res] ==> ignore
    arg [-plugin-opt=-pass-through=-lgcc_s] ==> ignore
    arg [-plugin-opt=-pass-through=-lgcc] ==> ignore
    arg [-plugin-opt=-pass-through=-lc] ==> ignore
    arg [-plugin-opt=-pass-through=-lgcc_s] ==> ignore
    arg [-plugin-opt=-pass-through=-lgcc] ==> ignore
    arg [--eh-frame-hdr] ==> ignore
    arg [-m] ==> ignore
    arg [elf_i386] ==> ignore
    arg [-export-dynamic] ==> ignore
    arg [-dynamic-linker] ==> ignore
    arg [/lib/ld-linux.so.2] ==> ignore
    arg [-o] ==> ignore
    arg [cmTC_0e835] ==> ignore
    arg [/lib/crt1.o] ==> ignore
    arg [/lib/crti.o] ==> ignore
    arg [/usr/local/opt/gcc-5.3.0-32/lib/gcc/i686-pc-linux-gnu/5.3.0/crtbegin.o] ==> ignore
    arg [-L/usr/local/opt/gcc-5.3.0-32/lib/gcc/i686-pc-linux-gnu/5.3.0] ==> dir [/usr/local/opt/gcc-5.3.0-32/lib/gcc/i686-pc-linux-gnu/5.3.0]
    arg [-L/usr/local/opt/gcc-5.3.0-32/lib/gcc/i686-pc-linux-gnu/5.3.0/../../..] ==> dir [/usr/local/opt/gcc-5.3.0-32/lib/gcc/i686-pc-linux-gnu/5.3.0/../../..]
    arg [CMakeFiles/cmTC_0e835.dir/CMakeCXXCompilerABI.cpp.o] ==> ignore
    arg [-lstdc++] ==> lib [stdc++]
    arg [-lm] ==> lib [m]
    arg [-lgcc_s] ==> lib [gcc_s]
    arg [-lgcc] ==> lib [gcc]
    arg [-lc] ==> lib [c]
    arg [-lgcc_s] ==> lib [gcc_s]
    arg [-lgcc] ==> lib [gcc]
    arg [/usr/local/opt/gcc-5.3.0-32/lib/gcc/i686-pc-linux-gnu/5.3.0/crtend.o] ==> ignore
    arg [/lib/crtn.o] ==> ignore
  remove lib [gcc_s]
  remove lib [gcc]
  remove lib [gcc_s]
  remove lib [gcc]
  collapse library dir [/usr/local/opt/gcc-5.3.0-32/lib/gcc/i686-pc-linux-gnu/5.3.0] ==> [/usr/local/opt/gcc-5.3.0-32/lib/gcc/i686-pc-linux-gnu/5.3.0]
  collapse library dir [/usr/local/opt/gcc-5.3.0-32/lib/gcc/i686-pc-linux-gnu/5.3.0/../../..] ==> [/usr/local/opt/gcc-5.3.0-32/lib]
  implicit libs: [stdc++;m;c]
  implicit dirs: [/usr/local/opt/gcc-5.3.0-32/lib/gcc/i686-pc-linux-gnu/5.3.0;/usr/local/opt/gcc-5.3.0-32/lib]
  implicit fwks: []




Detecting CXX [-std=c++1z] compiler features compiled with the following output:
Change Dir: /home/i12bapec/practicas/algoritmica/practica6/CMakeFiles/CMakeTmp

Run Build Command:"/usr/local/bin/gmake" "cmTC_e1e7d/fast"
/usr/local/bin/gmake -f CMakeFiles/cmTC_e1e7d.dir/build.make CMakeFiles/cmTC_e1e7d.dir/build
gmake[1]: se entra en el directorio '/home/i12bapec/practicas/algoritmica/practica6/CMakeFiles/CMakeTmp'
Building CXX object CMakeFiles/cmTC_e1e7d.dir/feature_tests.cxx.o
/usr/local/opt/gcc-5.3.0-32/bin/c++    -std=c++1z -o CMakeFiles/cmTC_e1e7d.dir/feature_tests.cxx.o -c /home/i12bapec/practicas/algoritmica/practica6/CMakeFiles/feature_tests.cxx
Linking CXX executable cmTC_e1e7d
/usr/local/bin/cmake -E cmake_link_script CMakeFiles/cmTC_e1e7d.dir/link.txt --verbose=1
/usr/local/opt/gcc-5.3.0-32/bin/c++       -rdynamic CMakeFiles/cmTC_e1e7d.dir/feature_tests.cxx.o  -o cmTC_e1e7d 
gmake[1]: se sale del directorio '/home/i12bapec/practicas/algoritmica/practica6/CMakeFiles/CMakeTmp'


    Feature record: CXX_FEATURE:1cxx_aggregate_default_initializers
    Feature record: CXX_FEATURE:1cxx_alias_templates
    Feature record: CXX_FEATURE:1cxx_alignas
    Feature record: CXX_FEATURE:1cxx_alignof
    Feature record: CXX_FEATURE:1cxx_attributes
    Feature record: CXX_FEATURE:1cxx_attribute_deprecated
    Feature record: CXX_FEATURE:1cxx_auto_type
    Feature record: CXX_FEATURE:1cxx_binary_literals
    Feature record: CXX_FEATURE:1cxx_constexpr
    Feature record: CXX_FEATURE:1cxx_contextual_conversions
    Feature record: CXX_FEATURE:1cxx_decltype
    Feature record: CXX_FEATURE:1cxx_decltype_auto
    Feature record: CXX_FEATURE:1cxx_decltype_incomplete_return_types
    Feature record: CXX_FEATURE:1cxx_default_function_template_args
    Feature record: CXX_FEATURE:1cxx_defaulted_functions
    Feature record: CXX_FEATURE:1cxx_defaulted_move_initializers
    Feature record: CXX_FEATURE:1cxx_delegating_constructors
    Feature record: CXX_FEATURE:1cxx_deleted_functions
    Feature record: CXX_FEATURE:1cxx_digit_separators
    Feature record: CXX_FEATURE:1cxx_enum_forward_declarations
    Feature record: CXX_FEATURE:1cxx_explicit_conversions
    Feature record: CXX_FEATURE:1cxx_extended_friend_declarations
    Feature record: CXX_FEATURE:1cxx_extern_templates
    Feature record: CXX_FEATURE:1cxx_final
    Feature record: CXX_FEATURE:1cxx_func_identifier
    Feature record: CXX_FEATURE:1cxx_generalized_initializers
    Feature record: CXX_FEATURE:1cxx_generic_lambdas
    Feature record: CXX_FEATURE:1cxx_inheriting_constructors
    Feature record: CXX_FEATURE:1cxx_inline_namespaces
    Feature record: CXX_FEATURE:1cxx_lambdas
    Feature record: CXX_FEATURE:1cxx_lambda_init_captures
    Feature record: CXX_FEATURE:1cxx_local_type_template_args
    Feature record: CXX_FEATURE:1cxx_long_long_type
    Feature record: CXX_FEATURE:1cxx_noexcept
    Feature record: CXX_FEATURE:1cxx_nonstatic_member_init
    Feature record: CXX_FEATURE:1cxx_nullptr
    Feature record: CXX_FEATURE:1cxx_override
    Feature record: CXX_FEATURE:1cxx_range_for
    Feature record: CXX_FEATURE:1cxx_raw_string_literals
    Feature record: CXX_FEATURE:1cxx_reference_qualified_functions
    Feature record: CXX_FEATURE:1cxx_relaxed_constexpr
    Feature record: CXX_FEATURE:1cxx_return_type_deduction
    Feature record: CXX_FEATURE:1cxx_right_angle_brackets
    Feature record: CXX_FEATURE:1cxx_rvalue_references
    Feature record: CXX_FEATURE:1cxx_sizeof_member
    Feature record: CXX_FEATURE:1cxx_static_assert
    Feature record: CXX_FEATURE:1cxx_strong_enums
    Feature record: CXX_FEATURE:1cxx_template_template_parameters
    Feature record: CXX_FEATURE:1cxx_thread_local
    Feature record: CXX_FEATURE:1cxx_trailing_return_types
    Feature record: CXX_FEATURE:1cxx_unicode_literals
    Feature record: CXX_FEATURE:1cxx_uniform_initialization
    Feature record: CXX_FEATURE:1cxx_unrestricted_unions
    Feature record: CXX_FEATURE:1cxx_user_literals
    Feature record: CXX_FEATURE:1cxx_variable_templates
    Feature record: CXX_FEATURE:1cxx_variadic_macros
    Feature record: CXX_FEATURE:1cxx_variadic_templates


Detecting CXX [-std=c++14] compiler features compiled with the following output:
Change Dir: /home/i12bapec/practicas/algoritmica/practica6/CMakeFiles/CMakeTmp

Run Build Command:"/usr/local/bin/gmake" "cmTC_39a48/fast"
/usr/local/bin/gmake -f CMakeFiles/cmTC_39a48.dir/build.make CMakeFiles/cmTC_39a48.dir/build
gmake[1]: se entra en el directorio '/home/i12bapec/practicas/algoritmica/practica6/CMakeFiles/CMakeTmp'
Building CXX object CMakeFiles/cmTC_39a48.dir/feature_tests.cxx.o
/usr/local/opt/gcc-5.3.0-32/bin/c++    -std=c++14 -o CMakeFiles/cmTC_39a48.dir/feature_tests.cxx.o -c /home/i12bapec/practicas/algoritmica/practica6/CMakeFiles/feature_tests.cxx
Linking CXX executable cmTC_39a48
/usr/local/bin/cmake -E cmake_link_script CMakeFiles/cmTC_39a48.dir/link.txt --verbose=1
/usr/local/opt/gcc-5.3.0-32/bin/c++       -rdynamic CMakeFiles/cmTC_39a48.dir/feature_tests.cxx.o  -o cmTC_39a48 
gmake[1]: se sale del directorio '/home/i12bapec/practicas/algoritmica/practica6/CMakeFiles/CMakeTmp'


    Feature record: CXX_FEATURE:1cxx_aggregate_default_initializers
    Feature record: CXX_FEATURE:1cxx_alias_templates
    Feature record: CXX_FEATURE:1cxx_alignas
    Feature record: CXX_FEATURE:1cxx_alignof
    Feature record: CXX_FEATURE:1cxx_attributes
    Feature record: CXX_FEATURE:1cxx_attribute_deprecated
    Feature record: CXX_FEATURE:1cxx_auto_type
    Feature record: CXX_FEATURE:1cxx_binary_literals
    Feature record: CXX_FEATURE:1cxx_constexpr
    Feature record: CXX_FEATURE:1cxx_contextual_conversions
    Feature record: CXX_FEATURE:1cxx_decltype
    Feature record: CXX_FEATURE:1cxx_decltype_auto
    Feature record: CXX_FEATURE:1cxx_decltype_incomplete_return_types
    Feature record: CXX_FEATURE:1cxx_default_function_template_args
    Feature record: CXX_FEATURE:1cxx_defaulted_functions
    Feature record: CXX_FEATURE:1cxx_defaulted_move_initializers
    Feature record: CXX_FEATURE:1cxx_delegating_constructors
    Feature record: CXX_FEATURE:1cxx_deleted_functions
    Feature record: CXX_FEATURE:1cxx_digit_separators
    Feature record: CXX_FEATURE:1cxx_enum_forward_declarations
    Feature record: CXX_FEATURE:1cxx_explicit_conversions
    Feature record: CXX_FEATURE:1cxx_extended_friend_declarations
    Feature record: CXX_FEATURE:1cxx_extern_templates
    Feature record: CXX_FEATURE:1cxx_final
    Feature record: CXX_FEATURE:1cxx_func_identifier
    Feature record: CXX_FEATURE:1cxx_generalized_initializers
    Feature record: CXX_FEATURE:1cxx_generic_lambdas
    Feature record: CXX_FEATURE:1cxx_inheriting_constructors
    Feature record: CXX_FEATURE:1cxx_inline_namespaces
    Feature record: CXX_FEATURE:1cxx_lambdas
    Feature record: CXX_FEATURE:1cxx_lambda_init_captures
    Feature record: CXX_FEATURE:1cxx_local_type_template_args
    Feature record: CXX_FEATURE:1cxx_long_long_type
    Feature record: CXX_FEATURE:1cxx_noexcept
    Feature record: CXX_FEATURE:1cxx_nonstatic_member_init
    Feature record: CXX_FEATURE:1cxx_nullptr
    Feature record: CXX_FEATURE:1cxx_override
    Feature record: CXX_FEATURE:1cxx_range_for
    Feature record: CXX_FEATURE:1cxx_raw_string_literals
    Feature record: CXX_FEATURE:1cxx_reference_qualified_functions
    Feature record: CXX_FEATURE:1cxx_relaxed_constexpr
    Feature record: CXX_FEATURE:1cxx_return_type_deduction
    Feature record: CXX_FEATURE:1cxx_right_angle_brackets
    Feature record: CXX_FEATURE:1cxx_rvalue_references
    Feature record: CXX_FEATURE:1cxx_sizeof_member
    Feature record: CXX_FEATURE:1cxx_static_assert
    Feature record: CXX_FEATURE:1cxx_strong_enums
    Feature record: CXX_FEATURE:1cxx_template_template_parameters
    Feature record: CXX_FEATURE:1cxx_thread_local
    Feature record: CXX_FEATURE:1cxx_trailing_return_types
    Feature record: CXX_FEATURE:1cxx_unicode_literals
    Feature record: CXX_FEATURE:1cxx_uniform_initialization
    Feature record: CXX_FEATURE:1cxx_unrestricted_unions
    Feature record: CXX_FEATURE:1cxx_user_literals
    Feature record: CXX_FEATURE:1cxx_variable_templates
    Feature record: CXX_FEATURE:1cxx_variadic_macros
    Feature record: CXX_FEATURE:1cxx_variadic_templates


Detecting CXX [-std=c++11] compiler features compiled with the following output:
Change Dir: /home/i12bapec/practicas/algoritmica/practica6/CMakeFiles/CMakeTmp

Run Build Command:"/usr/local/bin/gmake" "cmTC_f51ca/fast"
/usr/local/bin/gmake -f CMakeFiles/cmTC_f51ca.dir/build.make CMakeFiles/cmTC_f51ca.dir/build
gmake[1]: se entra en el directorio '/home/i12bapec/practicas/algoritmica/practica6/CMakeFiles/CMakeTmp'
Building CXX object CMakeFiles/cmTC_f51ca.dir/feature_tests.cxx.o
/usr/local/opt/gcc-5.3.0-32/bin/c++    -std=c++11 -o CMakeFiles/cmTC_f51ca.dir/feature_tests.cxx.o -c /home/i12bapec/practicas/algoritmica/practica6/CMakeFiles/feature_tests.cxx
Linking CXX executable cmTC_f51ca
/usr/local/bin/cmake -E cmake_link_script CMakeFiles/cmTC_f51ca.dir/link.txt --verbose=1
/usr/local/opt/gcc-5.3.0-32/bin/c++       -rdynamic CMakeFiles/cmTC_f51ca.dir/feature_tests.cxx.o  -o cmTC_f51ca 
gmake[1]: se sale del directorio '/home/i12bapec/practicas/algoritmica/practica6/CMakeFiles/CMakeTmp'


    Feature record: CXX_FEATURE:0cxx_aggregate_default_initializers
    Feature record: CXX_FEATURE:1cxx_alias_templates
    Feature record: CXX_FEATURE:1cxx_alignas
    Feature record: CXX_FEATURE:1cxx_alignof
    Feature record: CXX_FEATURE:1cxx_attributes
    Feature record: CXX_FEATURE:0cxx_attribute_deprecated
    Feature record: CXX_FEATURE:1cxx_auto_type
    Feature record: CXX_FEATURE:0cxx_binary_literals
    Feature record: CXX_FEATURE:1cxx_constexpr
    Feature record: CXX_FEATURE:0cxx_contextual_conversions
    Feature record: CXX_FEATURE:1cxx_decltype
    Feature record: CXX_FEATURE:0cxx_decltype_auto
    Feature record: CXX_FEATURE:1cxx_decltype_incomplete_return_types
    Feature record: CXX_FEATURE:1cxx_default_function_template_args
    Feature record: CXX_FEATURE:1cxx_defaulted_functions
    Feature record: CXX_FEATURE:1cxx_defaulted_move_initializers
    Feature record: CXX_FEATURE:1cxx_delegating_constructors
    Feature record: CXX_FEATURE:1cxx_deleted_functions
    Feature record: CXX_FEATURE:0cxx_digit_separators
    Feature record: CXX_FEATURE:1cxx_enum_forward_declarations
    Feature record: CXX_FEATURE:1cxx_explicit_conversions
    Feature record: CXX_FEATURE:1cxx_extended_friend_declarations
    Feature record: CXX_FEATURE:1cxx_extern_templates
    Feature record: CXX_FEATURE:1cxx_final
    Feature record: CXX_FEATURE:1cxx_func_identifier
    Feature record: CXX_FEATURE:1cxx_generalized_initializers
    Feature record: CXX_FEATURE:0cxx_generic_lambdas
    Feature record: CXX_FEATURE:1cxx_inheriting_constructors
    Feature record: CXX_FEATURE:1cxx_inline_namespaces
    Feature record: CXX_FEATURE:1cxx_lambdas
    Feature record: CXX_FEATURE:0cxx_lambda_init_captures
    Feature record: CXX_FEATURE:1cxx_local_type_template_args
    Feature record: CXX_FEATURE:1cxx_long_long_type
    Feature record: CXX_FEATURE:1cxx_noexcept
    Feature record: CXX_FEATURE:1cxx_nonstatic_member_init
    Feature record: CXX_FEATURE:1cxx_nullptr
    Feature record: CXX_FEATURE:1cxx_override
    Feature record: CXX_FEATURE:1cxx_range_for
    Feature record: CXX_FEATURE:1cxx_raw_string_literals
    Feature record: CXX_FEATURE:1cxx_reference_qualified_functions
    Feature record: CXX_FEATURE:0cxx_relaxed_constexpr
    Feature record: CXX_FEATURE:0cxx_return_type_deduction
    Feature record: CXX_FEATURE:1cxx_right_angle_brackets
    Feature record: CXX_FEATURE:1cxx_rvalue_references
    Feature record: CXX_FEATURE:1cxx_sizeof_member
    Feature record: CXX_FEATURE:1cxx_static_assert
    Feature record: CXX_FEATURE:1cxx_strong_enums
    Feature record: CXX_FEATURE:1cxx_template_template_parameters
    Feature record: CXX_FEATURE:1cxx_thread_local
    Feature record: CXX_FEATURE:1cxx_trailing_return_types
    Feature record: CXX_FEATURE:1cxx_unicode_literals
    Feature record: CXX_FEATURE:1cxx_uniform_initialization
    Feature record: CXX_FEATURE:1cxx_unrestricted_unions
    Feature record: CXX_FEATURE:1cxx_user_literals
    Feature record: CXX_FEATURE:0cxx_variable_templates
    Feature record: CXX_FEATURE:1cxx_variadic_macros
    Feature record: CXX_FEATURE:1cxx_variadic_templates


Detecting CXX [-std=c++98] compiler features compiled with the following output:
Change Dir: /home/i12bapec/practicas/algoritmica/practica6/CMakeFiles/CMakeTmp

Run Build Command:"/usr/local/bin/gmake" "cmTC_1d062/fast"
/usr/local/bin/gmake -f CMakeFiles/cmTC_1d062.dir/build.make CMakeFiles/cmTC_1d062.dir/build
gmake[1]: se entra en el directorio '/home/i12bapec/practicas/algoritmica/practica6/CMakeFiles/CMakeTmp'
Building CXX object CMakeFiles/cmTC_1d062.dir/feature_tests.cxx.o
/usr/local/opt/gcc-5.3.0-32/bin/c++    -std=c++98 -o CMakeFiles/cmTC_1d062.dir/feature_tests.cxx.o -c /home/i12bapec/practicas/algoritmica/practica6/CMakeFiles/feature_tests.cxx
Linking CXX executable cmTC_1d062
/usr/local/bin/cmake -E cmake_link_script CMakeFiles/cmTC_1d062.dir/link.txt --verbose=1
/usr/local/opt/gcc-5.3.0-32/bin/c++       -rdynamic CMakeFiles/cmTC_1d062.dir/feature_tests.cxx.o  -o cmTC_1d062 
gmake[1]: se sale del directorio '/home/i12bapec/practicas/algoritmica/practica6/CMakeFiles/CMakeTmp'


    Feature record: CXX_FEATURE:0cxx_aggregate_default_initializers
    Feature record: CXX_FEATURE:0cxx_alias_templates
    Feature record: CXX_FEATURE:0cxx_alignas
    Feature record: CXX_FEATURE:0cxx_alignof
    Feature record: CXX_FEATURE:0cxx_attributes
    Feature record: CXX_FEATURE:0cxx_attribute_deprecated
    Feature record: CXX_FEATURE:0cxx_auto_type
    Feature record: CXX_FEATURE:0cxx_binary_literals
    Feature record: CXX_FEATURE:0cxx_constexpr
    Feature record: CXX_FEATURE:0cxx_contextual_conversions
    Feature record: CXX_FEATURE:0cxx_decltype
    Feature record: CXX_FEATURE:0cxx_decltype_auto
    Feature record: CXX_FEATURE:0cxx_decltype_incomplete_return_types
    Feature record: CXX_FEATURE:0cxx_default_function_template_args
    Feature record: CXX_FEATURE:0cxx_defaulted_functions
    Feature record: CXX_FEATURE:0cxx_defaulted_move_initializers
    Feature record: CXX_FEATURE:0cxx_delegating_constructors
    Feature record: CXX_FEATURE:0cxx_deleted_functions
    Feature record: CXX_FEATURE:0cxx_digit_separators
    Feature record: CXX_FEATURE:0cxx_enum_forward_declarations
    Feature record: CXX_FEATURE:0cxx_explicit_conversions
    Feature record: CXX_FEATURE:0cxx_extended_friend_declarations
    Feature record: CXX_FEATURE:0cxx_extern_templates
    Feature record: CXX_FEATURE:0cxx_final
    Feature record: CXX_FEATURE:0cxx_func_identifier
    Feature record: CXX_FEATURE:0cxx_generalized_initializers
    Feature record: CXX_FEATURE:0cxx_generic_lambdas
    Feature record: CXX_FEATURE:0cxx_inheriting_constructors
    Feature record: CXX_FEATURE:0cxx_inline_namespaces
    Feature record: CXX_FEATURE:0cxx_lambdas
    Feature record: CXX_FEATURE:0cxx_lambda_init_captures
    Feature record: CXX_FEATURE:0cxx_local_type_template_args
    Feature record: CXX_FEATURE:0cxx_long_long_type
    Feature record: CXX_FEATURE:0cxx_noexcept
    Feature record: CXX_FEATURE:0cxx_nonstatic_member_init
    Feature record: CXX_FEATURE:0cxx_nullptr
    Feature record: CXX_FEATURE:0cxx_override
    Feature record: CXX_FEATURE:0cxx_range_for
    Feature record: CXX_FEATURE:0cxx_raw_string_literals
    Feature record: CXX_FEATURE:0cxx_reference_qualified_functions
    Feature record: CXX_FEATURE:0cxx_relaxed_constexpr
    Feature record: CXX_FEATURE:0cxx_return_type_deduction
    Feature record: CXX_FEATURE:0cxx_right_angle_brackets
    Feature record: CXX_FEATURE:0cxx_rvalue_references
    Feature record: CXX_FEATURE:0cxx_sizeof_member
    Feature record: CXX_FEATURE:0cxx_static_assert
    Feature record: CXX_FEATURE:0cxx_strong_enums
    Feature record: CXX_FEATURE:1cxx_template_template_parameters
    Feature record: CXX_FEATURE:0cxx_thread_local
    Feature record: CXX_FEATURE:0cxx_trailing_return_types
    Feature record: CXX_FEATURE:0cxx_unicode_literals
    Feature record: CXX_FEATURE:0cxx_uniform_initialization
    Feature record: CXX_FEATURE:0cxx_unrestricted_unions
    Feature record: CXX_FEATURE:0cxx_user_literals
    Feature record: CXX_FEATURE:0cxx_variable_templates
    Feature record: CXX_FEATURE:0cxx_variadic_macros
    Feature record: CXX_FEATURE:0cxx_variadic_templates
